[DEBUG] ho->font: Loaded font library
[DEBUG] ho->load: Init data
[DEBUG] ho->load: Init shaders
[DEBUG] ho->load: Init textures
[DEBUG] ho->texture: Loaded texture
[DEBUG] ho->font: Loaded font
[DEBUG] ho->load: Init objects
[DEBUG] ho->texture: Loaded texture
[DEBUG] ho->texture: Loaded texture
[DEBUG] ho->texture: Loaded texture
[DEBUG] ho->texture: Loaded texture
[DEBUG] ho->texture: Loaded texture
[DEBUG] ho->texture: Loaded texture
[DEBUG] ho->texture: Loaded texture
[DEBUG] ho->texture: Loaded texture
[DEBUG] ho->texture: Loaded texture
[DEBUG] ho->texture: Loaded texture
[DEBUG] ho->texture: Loaded texture
[DEBUG] ho->load: Done
[TRACE] ho->events: EVENT_FSM_CHANGE
[TRACE] ho->events: EVENT_RESIZE
[DEBUG] ho->font: Unloaded font library
[TRACE] ho->events: EVENT_STOP_LINE_ENTER
[TRACE] ho->events: EVENT_PRESS_UI
[TRACE] ho->events: EVENT_FSM_CHANGE
